<?xml version="1.0" encoding="UTF-8"?>
<testng-results ignored="0" total="1" passed="1" failed="0" skipped="0">
  <reporter-output>
  </reporter-output>
  <suite started-at="2022-12-04T15:01:11 EST" name="Default suite" finished-at="2022-12-04T15:01:22 EST" duration-ms="10928">
    <groups>
    </groups>
    <test started-at="2022-12-04T15:01:11 EST" name="Default test" finished-at="2022-12-04T15:01:22 EST" duration-ms="10928">
      <class name="PracGit.ValidateSearch">
        <test-method signature="Search()[pri:0, instance:PracGit.ValidateSearch@5a56cdac]" started-at="2022-12-04T15:01:11 EST" name="Search" finished-at="2022-12-04T15:01:22 EST" duration-ms="10895" status="PASS">
          <reporter-output>
          </reporter-output>
        </test-method> <!-- Search -->
      </class> <!-- PracGit.ValidateSearch -->
    </test> <!-- Default test -->
  </suite> <!-- Default suite -->
</testng-results>
